
********** SUPCRTBL: input/output specifications for this run

            USER-SPECIFIED  CON FILE  containing 
            T-P-D grid & option switches: CH4gen_H2.con       

            USER-SPECIFIED  RXN FILE  containing 
            chemical reactions: CH4gen_H2.rxn       

            THERMODYNAMIC DATABASE: bin/dpronsbl        

            SUPCRT-GENERATED  TAB FILE  containing 
            tabulated reaction properties (this file): CH4gen_H2.out       

            SUPCRT-GENERATED  PLT FILES  containing 
            reaction properties for x-y plots: CH4gen_H2.kxy        etc.

********** summary of option switches 

            isat, iopt, iplot, univar, noninc:   0  2  1  0  0

********** summary of state conditions 

            ISOBARS(bars)  :  min, max, increment:      1.0000      1.0000      0.0000
            TEMP(degC) range: min, max, increment:     25.0000     35.0000     10.0000


************************************ REACTION   1 ************************************



Reaction 1                                                                      


 REACTION STOICHIOMETRY: 

         COEFF.   NAME                   FORMULA
        -------   --------------------   --------------------
         -1.000   CO2,aq                 CO2                           
         -4.000   H2,aq                  H2                            
          1.000   CH4,aq                 CH4                           
          2.000   H2O                    H2O


 STANDARD STATE PROPERTIES OF THE SPECIES AT 25 DEG C AND 1 BAR



                                     ...... AQUEOUS SPECIES ...... 


                           DELTA G        DELTA H           S              V              Cp     
       NAME                (kJ/mol)       (kJ/mol)       (J/mol/K)       (J/bar)       (J/mol/K) 
  --------------------  -------------  -------------  -------------  -------------  -------------
  CO2,aq                   -385.974       -413.798        117.570         3.281           243.082
  H2,aq                      17.723         -4.184         57.739         2.526           166.852
  CH4,aq                    -34.451        -87.906         87.822         3.740           277.264
  H2O                      -237.181       -285.837         69.924         1.807            75.361


                                                  EQUATION-OF-STATE COEFFICIENTS
       NAME              a1(10**1)     a2(10**-2)    a3(10**0)     a4(10**-4)    c1(10**0)     c2(10**-4)   omega(10**-5)
                        (J/mol/bar)     (J/mol)     (J*K/mol/bar)   (J*K/mol)    (J/mol/K)     (J*K/mol)       (J/mol)  
  --------------------  ------------  ------------  ------------  ------------  ------------  ------------  -------------
  CO2,aq                    26.1358       31.2591       11.7721      -12.9198      167.4960       36.8209       -0.0837
  H2,aq                     21.5171       19.9819       16.2042      -12.4533      115.5834       21.3091       -0.8745
  CH4,aq                    28.2910       36.5175        9.7119      -13.1365      176.1217       43.8094       -1.3301



 STANDARD STATE PROPERTIES OF THE REACTION AT 25 DEG C AND 1 BAR


                                                   DELTA G     DELTA H     DELTA S     DELTA V    DELTA Cp 
  PRES(bars)  TEMP(degC)  DH2O(g/cc)    LOG K      (kJ/mol)    (kJ/mol)    (J/mol/K)    (J/bar)    (J/mol/K)
  ----------  ----------  ----------  ----------  ----------  ----------  ----------  ----------  ----------
      1.000      25.000       0.997      33.940    -193.732    -229.047   -120.856      -6.033      -482.507



 STANDARD STATE PROPERTIES OF THE REACTION AT ELEVATED TEMPERATURES AND PRESSURES 


                                                   DELTA G     DELTA H     DELTA S     DELTA V    DELTA Cp 
  PRES(bars)  TEMP(degC)  DH2O(g/cc)    LOG K      (kJ/mol)    (kJ/mol)    (J/mol/K)   (J/bar)     (J/mol/K)
  ----------  ----------  ----------  ----------  ----------  ----------  ----------  ----------  ----------

      1.000      25.000       0.997      33.940    -193.732    -229.047   -120.856      -6.033      -482.507

      1.000      35.000       0.994      32.621    -192.445    -233.676   -136.131      -6.249      -445.926

